<?xml version="1.0" encoding="UTF-8"?>
<testng-results ignored="0" total="1" passed="1" failed="0" skipped="0">
  <reporter-output>
  </reporter-output>
  <suite started-at="2022-01-01T22:09:25 IST" name="Default suite" finished-at="2022-01-01T22:09:27 IST" duration-ms="1505">
    <groups>
    </groups>
    <test started-at="2022-01-01T22:09:25 IST" name="Default test" finished-at="2022-01-01T22:09:27 IST" duration-ms="1505">
      <class name="testCases.E05_ExtentReportsCustomize">
        <test-method signature="extentDemo()[pri:0, instance:testCases.E05_ExtentReportsCustomize@6cd28fa7]" started-at="2022-01-01T22:09:25 IST" name="extentDemo" finished-at="2022-01-01T22:09:27 IST" duration-ms="1454" status="PASS">
          <reporter-output>
          </reporter-output>
        </test-method> <!-- extentDemo -->
      </class> <!-- testCases.E05_ExtentReportsCustomize -->
    </test> <!-- Default test -->
  </suite> <!-- Default suite -->
</testng-results>
